   0.000 2025-07-04 16:04:21; Factorio 2.0.55 (build 83138, linux64, headless, space-age)
   0.044 Operating system: Linux (Ubuntu 22.04)
   0.044 Program arguments: "/opt/factorio/bin/x64/factorio" "--start-server-load-latest" "--server-settings" "/opt/factorio/data/server-settings.json" "--bind" "0.0.0.0" "--port" "9999" 
   0.044 Config path: /opt/factorio/config/config.ini
   0.044 Read data path: /opt/factorio/data
   0.044 Write data path: /opt/factorio [24710/29587MB]
   0.044 Binaries path: /opt/factorio/bin
   0.055 System info: [CPU: Intel(R) Xeon(R) CPU E5-2680 v4 @ 2.40GHz, 16 cores, RAM: 3817 MB]
   0.055 Environment: DISPLAY=<unset> WAYLAND_DISPLAY=<unset> DESKTOP_SESSION=<unset> XDG_SESSION_DESKTOP=<unset> XDG_CURRENT_DESKTOP=<unset> SDL_VIDEODRIVER=<unset> __GL_FSAA_MODE=<unset> __GL_LOG_MAX_ANISO=<unset> __GL_SYNC_TO_VBLANK=<unset> __GL_SORT_FBCONFIGS=<unset> __GL_YIELD=<unset>
   0.055 Running in headless mode
   0.055 Audio is disabled
   0.095 Info ModManager.cpp:444: FeatureFlag expansion-shaders = true
   0.095 Info ModManager.cpp:444: FeatureFlag freezing = true
   0.095 Info ModManager.cpp:444: FeatureFlag quality = true
   0.095 Info ModManager.cpp:444: FeatureFlag rail-bridges = true
   0.095 Info ModManager.cpp:444: FeatureFlag segmented-units = true
   0.095 Info ModManager.cpp:444: FeatureFlag space-travel = true
   0.095 Info ModManager.cpp:444: FeatureFlag spoiling = true
   0.099 Loading mod core 0.0.0 (data.lua)
   0.116 Loading mod base 2.0.55 (data.lua)
   0.300 Loading mod elevated-rails 2.0.55 (data.lua)
   0.328 Loading mod quality 2.0.55 (data.lua)
   0.344 Loading mod space-age 2.0.55 (data.lua)
   0.619 Loading mod base 2.0.55 (data-updates.lua)
   0.636 Loading mod quality 2.0.55 (data-updates.lua)
   0.661 Loading mod space-age 2.0.55 (data-updates.lua)
   0.788 Checksum for core: 1599024484
   0.788 Checksum of base: 2095342242
   0.788 Checksum of elevated-rails: 755107374
   0.788 Checksum of quality: 3594706471
   0.788 Checksum of space-age: 2561352795
   1.407 Prototype list checksum: 611276394
   1.521 Info PlayerData.cpp:64: Local player-data.json available, timestamp 1751645055
   1.521 Info PlayerData.cpp:71: Cloud player-data.json unavailable
   1.523 Factorio initialised
   1.524 Info ServerSynchronizer.cpp:22: nextHeartbeatSequenceNumber(0) initialized Synchronizer nextTickClosureTick(0).
   1.524 Info ServerMultiplayerManager.cpp:808: updateTick(18446744073709551615) changing state from(Ready) to(PreparedToHostGame)
   1.524 Info ServerMultiplayerManager.cpp:808: updateTick(18446744073709551615) changing state from(PreparedToHostGame) to(CreatingGame)
   1.524 Loading map /opt/factorio/saves/_autosave100.zip: 20758199 bytes.
   1.541 Loading level.dat: 61067638 bytes.
   1.541 Info Scenario.cpp:153: Map version 2.0.55-0
   4.063 Blueprint storage "blueprint-storage-2.dat" was not found, trying to load previous version storage "blueprint-storage.dat"
   4.063 Loading script.dat: 1267 bytes.
   4.067 Checksum for script __level__/control.lua: 2734153661
   4.087 Info UDPSocket.cpp:37: Opening socket at (IP ADDR:({0.0.0.0:9999}))
   4.088 Hosting game at IP ADDR:({0.0.0.0:9999})
   4.088 Info ServerMultiplayerManager.cpp:808: updateTick(17928001) changing state from(CreatingGame) to(InGame)
   4.088 Info UDPSocket.cpp:49: Opening socket for broadcast
   4.088 Info CommandLineMultiplayer.cpp:292: Maximum segment size = 100; minimum segment size = 25; maximum-segment-size peer count = 10; minimum-segment-size peer count = 20
   5.238 ConnectionRequestReplyConfirm (type(ConnectionRequestReplyConfirm) ) from(IP ADDR:({10.11.12.13:61844}))
   5.238 Info ServerRouter.cpp:465: Replying to connectionRequest for address(IP ADDR:({10.11.12.13:61844})).
   5.238 Info ServerSynchronizer.cpp:594: nextHeartbeatSequenceNumber(68) adding peer(1)
   5.256 Info ServerMultiplayerManager.cpp:808: updateTick(17928001) changing state from(InGame) to(InGameSavingMap)
   5.271 Info ServerMultiplayerManager.cpp:978: updateTick(17928001) received stateChanged peerID(1) oldState(Ready) newState(ConnectedWaitingForMap)
   5.805 Info ServerMultiplayerManager.cpp:1039: UpdateTick(17928001) Serving map(/opt/factorio/temp/mp-save-0.zip) for peer(1) size(20757743) auxiliary(129) crc(3758119922)
   5.805 Info ServerMultiplayerManager.cpp:808: updateTick(17928001) changing state from(InGameSavingMap) to(InGame)
   5.855 Info ServerMultiplayerManager.cpp:978: updateTick(17928001) received stateChanged peerID(1) oldState(ConnectedWaitingForMap) newState(ConnectedDownloadingMap)
   7.571 Info ServerMultiplayerManager.cpp:978: updateTick(17928001) received stateChanged peerID(1) oldState(ConnectedDownloadingMap) newState(ConnectedLoadingMap)
   9.255 Info ServerMultiplayerManager.cpp:978: updateTick(17928001) received stateChanged peerID(1) oldState(ConnectedLoadingMap) newState(TryingToCatchUp)
   9.255 Info ServerMultiplayerManager.cpp:978: updateTick(17928001) received stateChanged peerID(1) oldState(TryingToCatchUp) newState(WaitingForCommandToStartSendingTickClosures)
   9.272 Info GameActionHandler.cpp:4477: UpdateTick (17928001) processed PlayerJoinGame peerID(1) playerIndex(3) mode(connect) 
   9.388 Info ServerMultiplayerManager.cpp:978: updateTick(17928008) received stateChanged peerID(1) oldState(WaitingForCommandToStartSendingTickClosures) newState(InGame)
 609.271 Info AppManager.cpp:323: Saving to _autosave99 (blocking).
 610.038 Info AppManagerStates.cpp:2110: Saving finished
1210.038 Info AppManager.cpp:323: Saving to _autosave100 (blocking).
1210.821 Info AppManagerStates.cpp:2110: Saving finished
1810.821 Info AppManager.cpp:323: Saving to _autosave101 (blocking).
1811.621 Info AppManagerStates.cpp:2110: Saving finished
2411.621 Info AppManager.cpp:323: Saving to _autosave102 (blocking).
2412.456 Info AppManagerStates.cpp:2110: Saving finished
3012.454 Info AppManager.cpp:323: Saving to _autosave103 (blocking).
3013.289 Info AppManagerStates.cpp:2110: Saving finished
3613.288 Info AppManager.cpp:323: Saving to _autosave104 (blocking).
3614.138 Info AppManagerStates.cpp:2110: Saving finished
4214.138 Info AppManager.cpp:323: Saving to _autosave105 (blocking).
4214.988 Info AppManagerStates.cpp:2110: Saving finished
4814.988 Info AppManager.cpp:323: Saving to _autosave106 (blocking).
4815.821 Info AppManagerStates.cpp:2110: Saving finished
5415.821 Info AppManager.cpp:323: Saving to _autosave107 (blocking).
5416.688 Info AppManagerStates.cpp:2110: Saving finished
6016.688 Info AppManager.cpp:323: Saving to _autosave108 (blocking).
6017.521 Info AppManagerStates.cpp:2110: Saving finished
6617.521 Info AppManager.cpp:323: Saving to _autosave109 (blocking).
6618.355 Info AppManagerStates.cpp:2110: Saving finished
7218.354 Info AppManager.cpp:323: Saving to _autosave110 (blocking).
7219.188 Info AppManagerStates.cpp:2110: Saving finished
7819.188 Info AppManager.cpp:323: Saving to _autosave111 (blocking).
7820.004 Info AppManagerStates.cpp:2110: Saving finished
8138.971 Info ServerMultiplayerManager.cpp:1086: Disconnect notification for peer (1)
8138.971 Info ServerMultiplayerManager.cpp:978: updateTick(18415139) received stateChanged peerID(1) oldState(InGame) newState(DisconnectScheduled)
8138.972 Info ServerSynchronizer.cpp:613: nextHeartbeatSequenceNumber(488093) removing peer(1).
8139.971 Info ServerMultiplayerManager.cpp:1231: Auto saving map as /opt/factorio/saves/_autosave100.zip
8139.988 Info AppManager.cpp:415: Saving game as /opt/factorio/saves/_autosave100.zip
8140.838 Info AppManagerStates.cpp:2110: Saving finished
9387.671 ConnectionRequestReplyConfirm (type(ConnectionRequestReplyConfirm) ) from(IP ADDR:({10.11.12.13:51365}))
9387.671 Info ServerRouter.cpp:465: Replying to connectionRequest for address(IP ADDR:({10.11.12.13:51365})).
9387.671 Info ServerSynchronizer.cpp:594: nextHeartbeatSequenceNumber(563014) adding peer(2)
9387.694 Info ServerMultiplayerManager.cpp:808: updateTick(18415140) changing state from(InGame) to(InGameSavingMap)
9387.704 Info ServerMultiplayerManager.cpp:978: updateTick(18415140) received stateChanged peerID(2) oldState(Ready) newState(ConnectedWaitingForMap)
9388.338 Info ServerMultiplayerManager.cpp:1039: UpdateTick(18415140) Serving map(/opt/factorio/temp/mp-save-1.zip) for peer(2) size(21179411) auxiliary(129) crc(3879668261)
9388.338 Info ServerMultiplayerManager.cpp:808: updateTick(18415140) changing state from(InGameSavingMap) to(InGame)
9388.388 Info ServerMultiplayerManager.cpp:978: updateTick(18415140) received stateChanged peerID(2) oldState(ConnectedWaitingForMap) newState(ConnectedDownloadingMap)
9390.088 Info ServerMultiplayerManager.cpp:978: updateTick(18415140) received stateChanged peerID(2) oldState(ConnectedDownloadingMap) newState(ConnectedLoadingMap)
9391.804 Info ServerMultiplayerManager.cpp:978: updateTick(18415140) received stateChanged peerID(2) oldState(ConnectedLoadingMap) newState(TryingToCatchUp)
9391.804 Info ServerMultiplayerManager.cpp:978: updateTick(18415140) received stateChanged peerID(2) oldState(TryingToCatchUp) newState(WaitingForCommandToStartSendingTickClosures)
9391.821 Info GameActionHandler.cpp:4477: UpdateTick (18415140) processed PlayerJoinGame peerID(2) playerIndex(3) mode(connect) 
9391.938 Info ServerMultiplayerManager.cpp:978: updateTick(18415147) received stateChanged peerID(2) oldState(WaitingForCommandToStartSendingTickClosures) newState(InGame)
9548.921 ConnectionRequestReplyConfirm (type(ConnectionRequestReplyConfirm) ) from(IP ADDR:({188.134.68.183:42835}))
9548.921 Info ServerRouter.cpp:465: Replying to connectionRequest for address(IP ADDR:({188.134.68.183:42835})).
9548.921 Info ServerSynchronizer.cpp:594: nextHeartbeatSequenceNumber(572689) adding peer(3)
9548.940 Info ServerMultiplayerManager.cpp:808: updateTick(18424567) changing state from(InGame) to(InGameSavingMap)
9548.971 Info ServerMultiplayerManager.cpp:978: updateTick(18424567) received stateChanged peerID(3) oldState(Ready) newState(ConnectedWaitingForMap)
9549.771 Info ServerMultiplayerManager.cpp:1039: UpdateTick(18424567) Serving map(/opt/factorio/temp/mp-save-2.zip) for peer(3) size(21166497) auxiliary(129) crc(3795038697)
9549.771 Info ServerMultiplayerManager.cpp:808: updateTick(18424567) changing state from(InGameSavingMap) to(InGame)
9549.838 Info ServerMultiplayerManager.cpp:978: updateTick(18424570) received stateChanged peerID(3) oldState(ConnectedWaitingForMap) newState(ConnectedDownloadingMap)
9551.954 Info ServerMultiplayerManager.cpp:978: updateTick(18424697) received stateChanged peerID(3) oldState(ConnectedDownloadingMap) newState(ConnectedLoadingMap)
9553.088 Info ServerMultiplayerManager.cpp:978: updateTick(18424765) received stateChanged peerID(3) oldState(ConnectedLoadingMap) newState(TryingToCatchUp)
9553.421 Info ServerMultiplayerManager.cpp:978: updateTick(18424785) received stateChanged peerID(3) oldState(TryingToCatchUp) newState(WaitingForCommandToStartSendingTickClosures)
9553.421 Info GameActionHandler.cpp:4477: UpdateTick (18424785) processed PlayerJoinGame peerID(3) playerIndex(0) mode(connect) 
9553.488 Info ServerMultiplayerManager.cpp:978: updateTick(18424789) received stateChanged peerID(3) oldState(WaitingForCommandToStartSendingTickClosures) newState(InGame)
9673.688 Info AppManager.cpp:323: Saving to _autosave112 (blocking).
9674.554 Info AppManagerStates.cpp:2110: Saving finished
9768.938 Info ServerMultiplayerManager.cpp:978: updateTick(18437664) received stateChanged peerID(3) oldState(InGame) newState(WaitingForUserToSaveOrQuitAfterServerLeft)
9775.838 ConnectionRequestReplyConfirm (type(ConnectionRequestReplyConfirm) ) from(IP ADDR:({188.134.68.183:60446}))
9775.838 Info ServerRouter.cpp:465: Replying to connectionRequest for address(IP ADDR:({188.134.68.183:60446})).
9775.838 Info ServerMultiplayerManager.cpp:1086: Disconnect notification for peer (3)
9775.838 Info ServerSynchronizer.cpp:594: nextHeartbeatSequenceNumber(586304) adding peer(4)
9775.838 Info ServerSynchronizer.cpp:613: nextHeartbeatSequenceNumber(586305) removing peer(3).
9775.856 Info ServerMultiplayerManager.cpp:808: updateTick(18438079) changing state from(InGame) to(InGameSavingMap)
9775.921 Info ServerMultiplayerManager.cpp:978: updateTick(18438079) received stateChanged peerID(4) oldState(Ready) newState(ConnectedWaitingForMap)
9776.688 Info ServerMultiplayerManager.cpp:1039: UpdateTick(18438079) Serving map(/opt/factorio/temp/mp-save-3.zip) for peer(4) size(21186821) auxiliary(129) crc(358081642)
9776.688 Info ServerMultiplayerManager.cpp:808: updateTick(18438079) changing state from(InGameSavingMap) to(InGame)
9776.788 Info ServerMultiplayerManager.cpp:978: updateTick(18438084) received stateChanged peerID(4) oldState(ConnectedWaitingForMap) newState(ConnectedDownloadingMap)
9781.304 Info ServerMultiplayerManager.cpp:978: updateTick(18438355) received stateChanged peerID(4) oldState(ConnectedDownloadingMap) newState(ConnectedLoadingMap)
9782.521 Info ServerMultiplayerManager.cpp:978: updateTick(18438428) received stateChanged peerID(4) oldState(ConnectedLoadingMap) newState(TryingToCatchUp)
9783.121 Info ServerMultiplayerManager.cpp:978: updateTick(18438464) received stateChanged peerID(4) oldState(TryingToCatchUp) newState(WaitingForCommandToStartSendingTickClosures)
9783.121 Info GameActionHandler.cpp:4477: UpdateTick (18438464) processed PlayerJoinGame peerID(4) playerIndex(0) mode(connect) 
9783.188 Info ServerMultiplayerManager.cpp:978: updateTick(18438468) received stateChanged peerID(4) oldState(WaitingForCommandToStartSendingTickClosures) newState(InGame)
10275.404 Info AppManager.cpp:323: Saving to _autosave113 (blocking).
10276.254 Info AppManagerStates.cpp:2110: Saving finished
10876.254 Info AppManager.cpp:323: Saving to _autosave114 (blocking).
10877.071 Info AppManagerStates.cpp:2110: Saving finished
11477.071 Info AppManager.cpp:323: Saving to _autosave115 (blocking).
11477.888 Info AppManagerStates.cpp:2110: Saving finished
12077.887 Info AppManager.cpp:323: Saving to _autosave116 (blocking).
12078.721 Info AppManagerStates.cpp:2110: Saving finished
12260.404 Info ServerMultiplayerManager.cpp:1086: Disconnect notification for peer (2)
12260.404 Info ServerMultiplayerManager.cpp:978: updateTick(18586902) received stateChanged peerID(2) oldState(InGame) newState(DisconnectScheduled)
12260.405 Info ServerSynchronizer.cpp:613: nextHeartbeatSequenceNumber(735374) removing peer(2).
12678.721 Info AppManager.cpp:323: Saving to _autosave117 (blocking).
12679.538 Info AppManagerStates.cpp:2110: Saving finished
13279.537 Info AppManager.cpp:323: Saving to _autosave118 (blocking).
13280.404 Info AppManagerStates.cpp:2110: Saving finished
13880.404 Info AppManager.cpp:323: Saving to _autosave119 (blocking).
13881.222 Info AppManagerStates.cpp:2110: Saving finished
14481.221 Info AppManager.cpp:323: Saving to _autosave120 (blocking).
14482.039 Info AppManagerStates.cpp:2110: Saving finished
15082.037 Info AppManager.cpp:323: Saving to _autosave121 (blocking).
15082.871 Info AppManagerStates.cpp:2110: Saving finished
15464.471 ConnectionRequestReplyConfirm (type(ConnectionRequestReplyConfirm) ) from(IP ADDR:({10.11.12.13:56851}))
15464.471 Info ServerRouter.cpp:465: Replying to connectionRequest for address(IP ADDR:({10.11.12.13:56851})).
15464.471 Info ServerSynchronizer.cpp:594: nextHeartbeatSequenceNumber(927617) adding peer(5)
15464.490 Info ServerMultiplayerManager.cpp:808: updateTick(18778898) changing state from(InGame) to(InGameSavingMap)
15464.504 Info ServerMultiplayerManager.cpp:978: updateTick(18778898) received stateChanged peerID(5) oldState(Ready) newState(ConnectedWaitingForMap)
15465.439 Info ServerMultiplayerManager.cpp:1039: UpdateTick(18778898) Serving map(/opt/factorio/temp/mp-save-4.zip) for peer(5) size(21384441) auxiliary(129) crc(2223747363)
15465.439 Info ServerMultiplayerManager.cpp:808: updateTick(18778898) changing state from(InGameSavingMap) to(InGame)
15465.504 Info ServerMultiplayerManager.cpp:978: updateTick(18778901) received stateChanged peerID(5) oldState(ConnectedWaitingForMap) newState(ConnectedDownloadingMap)
15467.304 Info ServerMultiplayerManager.cpp:978: updateTick(18779009) received stateChanged peerID(5) oldState(ConnectedDownloadingMap) newState(ConnectedLoadingMap)
15469.071 Info ServerMultiplayerManager.cpp:978: updateTick(18779115) received stateChanged peerID(5) oldState(ConnectedLoadingMap) newState(TryingToCatchUp)
15469.437 Info ServerMultiplayerManager.cpp:978: updateTick(18779137) received stateChanged peerID(5) oldState(TryingToCatchUp) newState(WaitingForCommandToStartSendingTickClosures)
15469.438 Info GameActionHandler.cpp:4477: UpdateTick (18779137) processed PlayerJoinGame peerID(5) playerIndex(3) mode(connect) 
15469.487 Info ServerMultiplayerManager.cpp:978: updateTick(18779140) received stateChanged peerID(5) oldState(WaitingForCommandToStartSendingTickClosures) newState(InGame)
15683.837 Info AppManager.cpp:323: Saving to _autosave122 (blocking).
15684.654 Info AppManagerStates.cpp:2110: Saving finished
16284.654 Info AppManager.cpp:323: Saving to _autosave123 (blocking).
16285.521 Info AppManagerStates.cpp:2110: Saving finished
16885.521 Info AppManager.cpp:323: Saving to _autosave124 (blocking).
16886.337 Info AppManagerStates.cpp:2110: Saving finished
17486.337 Info AppManager.cpp:323: Saving to _autosave125 (blocking).
17487.154 Info AppManagerStates.cpp:2110: Saving finished
18087.154 Info AppManager.cpp:323: Saving to _autosave126 (blocking).
18088.004 Info AppManagerStates.cpp:2110: Saving finished
18688.004 Info AppManager.cpp:323: Saving to _autosave127 (blocking).
18688.804 Info AppManagerStates.cpp:2110: Saving finished
19288.804 Info AppManager.cpp:323: Saving to _autosave128 (blocking).
19289.637 Info AppManagerStates.cpp:2110: Saving finished
19889.637 Info AppManager.cpp:323: Saving to _autosave129 (blocking).
19890.504 Info AppManagerStates.cpp:2110: Saving finished
20490.504 Info AppManager.cpp:323: Saving to _autosave130 (blocking).
20491.371 Info AppManagerStates.cpp:2110: Saving finished
20606.904 Info ServerMultiplayerManager.cpp:1086: Disconnect notification for peer (4)
20606.904 Info ServerMultiplayerManager.cpp:978: updateTick(19086659) received stateChanged peerID(4) oldState(InGame) newState(DisconnectScheduled)
20606.905 Info ServerSynchronizer.cpp:613: nextHeartbeatSequenceNumber(1235886) removing peer(4).
20611.789 Received SIGINT, shutting down
20611.804 Quitting: signal.
20611.804 Info MainLoop.cpp:438: Saving map as /opt/factorio/saves/_autosave100.zip
20611.901 Info MainLoop.cpp:449: Saving progress: 0.006000%
20612.317 Info MainLoop.cpp:449: Saving progress: 100.000000%
20612.336 Received second SIGINT, terminating immediately
